Tue Aug 05 2025 08:00:00 GMT+0800 (Taipei Standard Time) - ⏰ autoCloseMissingClockOuts started
Tue Aug 05 2025 08:00:01 GMT+0800 (Taipei Standard Time) - ✅ autoCloseMissingClockOuts completed
Wed Aug 06 2025 08:00:00 GMT+0800 (Taipei Standard Time) - ⏰ autoCloseMissingClockOuts started
Wed Aug 06 2025 08:00:00 GMT+0800 (Taipei Standard Time) - ✅ autoCloseMissingClockOuts completed
Thu Aug 07 2025 08:00:00 GMT+0800 (Taipei Standard Time) - ⏰ autoCloseMissingClockOuts started
Thu Aug 07 2025 08:00:00 GMT+0800 (Taipei Standard Time) - ✅ autoCloseMissingClockOuts completed
Fri Aug 08 2025 08:00:00 GMT+0800 (Taipei Standard Time) - ⏰ autoCloseMissingClockOuts started
Fri Aug 08 2025 08:00:00 GMT+0800 (Taipei Standard Time) - ✅ autoCloseMissingClockOuts completed
Sat Aug 09 2025 08:00:00 GMT+0800 (Taipei Standard Time) - ⏰ autoCloseMissingClockOuts started
Sat Aug 09 2025 08:00:00 GMT+0800 (Taipei Standard Time) - ✅ autoCloseMissingClockOuts completed
Sun Aug 10 2025 08:00:00 GMT+0800 (Taipei Standard Time) - ⏰ autoCloseMissingClockOuts started
Sun Aug 10 2025 08:00:00 GMT+0800 (Taipei Standard Time) - ✅ autoCloseMissingClockOuts completed
Mon Aug 11 2025 08:00:00 GMT+0800 (Taipei Standard Time) - ⏰ autoCloseMissingClockOuts started
Mon Aug 11 2025 08:00:00 GMT+0800 (Taipei Standard Time) - ✅ autoCloseMissingClockOuts completed
Tue Aug 12 2025 08:00:00 GMT+0800 (Taipei Standard Time) - ⏰ autoCloseMissingClockOuts started
Tue Aug 12 2025 08:00:00 GMT+0800 (Taipei Standard Time) - ✅ autoCloseMissingClockOuts completed
Thu Aug 14 2025 08:00:00 GMT+0800 (Taipei Standard Time) - ⏰ autoCloseMissingClockOuts started
Thu Aug 14 2025 08:00:00 GMT+0800 (Taipei Standard Time) - ✅ autoCloseMissingClockOuts completed
Fri Aug 15 2025 08:00:00 GMT+0800 (Taipei Standard Time) - ⏰ autoCloseMissingClockOuts started
Fri Aug 15 2025 08:00:00 GMT+0800 (Taipei Standard Time) - ✅ autoCloseMissingClockOuts completed
Tue Aug 19 2025 08:00:00 GMT+0800 (Taipei Standard Time) - ⏰ autoCloseMissingClockOuts started
Tue Aug 19 2025 08:00:00 GMT+0800 (Taipei Standard Time) - ✅ autoCloseMissingClockOuts completed
Wed Aug 20 2025 08:00:00 GMT+0800 (Taipei Standard Time) - ⏰ autoCloseMissingClockOuts started
Wed Aug 20 2025 08:00:00 GMT+0800 (Taipei Standard Time) - ✅ autoCloseMissingClockOuts completed
Thu Aug 21 2025 08:00:00 GMT+0800 (Taipei Standard Time) - ⏰ autoCloseMissingClockOuts started
Thu Aug 21 2025 08:00:00 GMT+0800 (Taipei Standard Time) - ✅ autoCloseMissingClockOuts completed
Fri Aug 22 2025 08:00:00 GMT+0800 (Taipei Standard Time) - ⏰ autoCloseMissingClockOuts started
Fri Aug 22 2025 08:00:00 GMT+0800 (Taipei Standard Time) - ✅ autoCloseMissingClockOuts completed
Sat Aug 23 2025 08:00:00 GMT+0800 (Taipei Standard Time) - ⏰ autoCloseMissingClockOuts started
Sat Aug 23 2025 08:00:00 GMT+0800 (Taipei Standard Time) - ✅ autoCloseMissingClockOuts completed
Sun Aug 24 2025 08:00:00 GMT+0800 (Taipei Standard Time) - ⏰ autoCloseMissingClockOuts started
Sun Aug 24 2025 08:00:00 GMT+0800 (Taipei Standard Time) - ✅ autoCloseMissingClockOuts completed
Mon Aug 25 2025 08:00:00 GMT+0800 (Taipei Standard Time) - ⏰ autoCloseMissingClockOuts started
Mon Aug 25 2025 08:00:00 GMT+0800 (Taipei Standard Time) - ✅ autoCloseMissingClockOuts completed
Tue Aug 26 2025 08:00:00 GMT+0800 (Taipei Standard Time) - ⏰ autoCloseMissingClockOuts started
Tue Aug 26 2025 08:00:00 GMT+0800 (Taipei Standard Time) - ✅ autoCloseMissingClockOuts completed
Wed Aug 27 2025 08:00:00 GMT+0800 (Taipei Standard Time) - ⏰ autoCloseMissingClockOuts started
Wed Aug 27 2025 08:00:00 GMT+0800 (Taipei Standard Time) - ✅ autoCloseMissingClockOuts completed
Thu Aug 28 2025 08:00:00 GMT+0800 (Taipei Standard Time) - ⏰ autoCloseMissingClockOuts started
Thu Aug 28 2025 08:00:00 GMT+0800 (Taipei Standard Time) - ✅ autoCloseMissingClockOuts completed
